<?xml version="1.0" encoding="utf-8"?><testsuites name="pytest tests"><testsuite name="pytest" errors="0" failures="0" skipped="0" tests="8" time="4.036" timestamp="2026-09-15T14:35:12.857754+00:00" hostname="agent-env-cbf35fbe-8237-4d30-b947-a6cf44a62f1f"><testcase classname="tests.test_auth.TestAuthMe" name="test_me_no_cookie_returns_401" time="0.579" /><testcase classname="tests.test_auth.TestAuthMe" name="test_me_with_bearer_token_returns_user" time="0.263" /><testcase classname="tests.test_auth.TestAuthMe" name="test_me_with_cookie_returns_user" time="0.322" /><testcase classname="tests.test_auth.TestAuthMe" name="test_me_invalid_token_returns_401" time="0.338" /><testcase classname="tests.test_auth.TestAuthSession" name="test_session_missing_body_returns_400" time="0.297" /><testcase classname="tests.test_auth.TestAuthSession" name="test_session_invalid_session_id_returns_401" time="0.559" /><testcase classname="tests.test_auth.TestAuthLogout" name="test_logout_and_verify_session_deleted" time="1.096" /><testcase classname="tests.test_auth.TestProtectedProxy" name="test_health_reachable" time="0.262" /></testsuite></testsuites>