<?xml version="1.0" encoding="utf-8"?><testsuites name="pytest tests"><testsuite name="pytest" errors="0" failures="0" skipped="0" tests="3" time="1.657" timestamp="2026-09-18T14:25:13.992885+00:00" hostname="agent-env-3de14659-9879-492f-906e-8d58995ba183"><testcase classname="tests.test_analysis.TestRegimeLatest" name="test_returns_real_regime" time="0.232" /><testcase classname="tests.test_analysis.TestAnalysisMPT" name="test_mpt_shape" time="0.241" /><testcase classname="tests.test_analysis.TestAnalysisRegime" name="test_regime_shape" time="1.124" /></testsuite></testsuites>