<?xml version="1.0" encoding="utf-8"?><testsuites name="pytest tests"><testsuite name="pytest" errors="0" failures="0" skipped="0" tests="11" time="0.519" timestamp="2026-09-20T15:20:36.687254+00:00" hostname="agent-env-3de14659-9879-492f-906e-8d58995ba183"><testcase classname="tests.test_analysis.TestRegimeLatest" name="test_returns_real_regime" time="0.007" /><testcase classname="tests.test_analysis.TestAnalysisMPT" name="test_mpt_shape" time="0.064" /><testcase classname="tests.test_analysis.TestAnalysisRegime" name="test_regime_shape" time="0.095" /><testcase classname="tests.test_auth.TestAuthMe" name="test_me_no_cookie_returns_401" time="0.002" /><testcase classname="tests.test_auth.TestAuthMe" name="test_me_with_bearer_token_returns_user" time="0.003" /><testcase classname="tests.test_auth.TestAuthMe" name="test_me_with_cookie_returns_user" time="0.003" /><testcase classname="tests.test_auth.TestAuthMe" name="test_me_invalid_token_returns_401" time="0.003" /><testcase classname="tests.test_auth.TestAuthSession" name="test_session_missing_body_returns_400" time="0.002" /><testcase classname="tests.test_auth.TestAuthSession" name="test_session_invalid_session_id_returns_401" time="0.165" /><testcase classname="tests.test_auth.TestAuthLogout" name="test_logout_and_verify_session_deleted" time="0.097" /><testcase classname="tests.test_auth.TestProtectedProxy" name="test_health_reachable" time="0.008" /></testsuite></testsuites>